<?xml version="1.0" encoding="UTF-8"?>
<testng-results skipped="0" failed="0" total="1" passed="1">
  <reporter-output>
  </reporter-output>
  <suite name="Default suite" duration-ms="7350" started-at="2014-04-14T06:34:27Z" finished-at="2014-04-14T06:34:34Z">
    <groups>
    </groups>
    <test name="Default test" duration-ms="7350" started-at="2014-04-14T06:34:27Z" finished-at="2014-04-14T06:34:34Z">
      <class name="com.example.tests.ContactCreation">
        <test-method status="PASS" signature="setUp()[pri:0, instance:com.example.tests.ContactCreation@11cd8cc]" name="setUp" is-config="true" duration-ms="30" started-at="2014-04-14T10:34:27Z" finished-at="2014-04-14T10:34:27Z">
          <reporter-output>
          </reporter-output>
        </test-method> <!-- setUp -->
        <test-method status="PASS" signature="createValidContact()[pri:0, instance:com.example.tests.ContactCreation@11cd8cc]" name="createValidContact" duration-ms="7300" started-at="2014-04-14T10:34:27Z" finished-at="2014-04-14T10:34:34Z">
          <reporter-output>
          </reporter-output>
        </test-method> <!-- createValidContact -->
        <test-method status="PASS" signature="tearDown()[pri:0, instance:com.example.tests.ContactCreation@11cd8cc]" name="tearDown" is-config="true" duration-ms="0" started-at="2014-04-14T10:34:34Z" finished-at="2014-04-14T10:34:34Z">
          <reporter-output>
          </reporter-output>
        </test-method> <!-- tearDown -->
      </class> <!-- com.example.tests.ContactCreation -->
    </test> <!-- Default test -->
  </suite> <!-- Default suite -->
</testng-results>
